threadsample/build/outputs/logs/manifest-merger-debug-report.txt
-- Merging decision tree log ---
manifest
ADDED from AndroidManifest.xml:17:1
	package
		ADDED from AndroidManifest.xml:18:5
	android:versionName
		ADDED from AndroidManifest.xml:20:5
	android:versionCode
		ADDED from AndroidManifest.xml:19:5
		INJECTED from AndroidManifest.xml:0:0
		INJECTED from AndroidManifest.xml:0:0
	xmlns:android
		ADDED from AndroidManifest.xml:17:11
uses-sdk
ADDED from AndroidManifest.xml:22:5
MERGED from com.android.support:support-v4:22.2.0:20:5
	android:targetSdkVersion
		ADDED from AndroidManifest.xml:24:9
	android:minSdkVersion
		ADDED from AndroidManifest.xml:23:9
uses-permission#android.permission.INTERNET
ADDED from AndroidManifest.xml:27:5
	android:name
		ADDED from AndroidManifest.xml:27:22
uses-permission#android.permission.ACCESS_NETWORK_STATE
ADDED from AndroidManifest.xml:30:5
	android:name
		ADDED from AndroidManifest.xml:30:22
application
ADDED from AndroidManifest.xml:35:5
MERGED from com.android.support:support-v4:22.2.0:22:5
	android:label
		ADDED from AndroidManifest.xml:37:9
	android:icon
		ADDED from AndroidManifest.xml:36:9
activity#com.example.android.threadsample.DisplayActivity
ADDED from AndroidManifest.xml:39:9
	android:label
		ADDED from AndroidManifest.xml:41:13
	android:name
		ADDED from AndroidManifest.xml:40:13
intent-filter#android.intent.action.MAIN+android.intent.category.LAUNCHER
ADDED from AndroidManifest.xml:42:13
action#android.intent.action.MAIN
ADDED from AndroidManifest.xml:43:17
	android:name
		ADDED from AndroidManifest.xml:43:25
category#android.intent.category.LAUNCHER
ADDED from AndroidManifest.xml:44:17
	android:name
		ADDED from AndroidManifest.xml:44:27
service#com.example.android.threadsample.RSSPullService
ADDED from AndroidManifest.xml:52:9
	android:exported
		ADDED from AndroidManifest.xml:54:13
	android:name
		ADDED from AndroidManifest.xml:53:13
provider#com.example.android.threadsample.DataProvider
ADDED from AndroidManifest.xml:60:9
	android:authorities
		ADDED from AndroidManifest.xml:63:13
	android:exported
		ADDED from AndroidManifest.xml:62:13
	android:name
		ADDED from AndroidManifest.xml:61:13